[debug] [2019-10-27T09:21:21.332Z] ----------------------------------------------------------------------
[debug] [2019-10-27T09:21:21.334Z] Command:       /usr/bin/node /home/manfred/.npm-global/bin/firebase deploy --only hosting
[debug] [2019-10-27T09:21:21.334Z] CLI Version:   7.3.1
[debug] [2019-10-27T09:21:21.334Z] Platform:      linux
[debug] [2019-10-27T09:21:21.334Z] Node Version:  v12.11.1
[debug] [2019-10-27T09:21:21.335Z] Time:          Sun Oct 27 2019 10:21:21 GMT+0100 (Central European Standard Time)
[debug] [2019-10-27T09:21:21.335Z] ----------------------------------------------------------------------
[debug] 
[debug] [2019-10-27T09:21:21.341Z] > command requires scopes: ["email","openid","https://www.googleapis.com/auth/cloudplatformprojects.readonly","https://www.googleapis.com/auth/firebase","https://www.googleapis.com/auth/cloud-platform"]
[debug] [2019-10-27T09:21:21.341Z] > authorizing via signed-in user
[debug] [2019-10-27T09:21:21.341Z] [iam] checking project mentoring-wu for permissions ["firebase.projects.get","firebasehosting.sites.update"]
[debug] [2019-10-27T09:21:21.342Z] >>> HTTP REQUEST POST https://cloudresourcemanager.googleapis.com/v1/projects/mentoring-wu:testIamPermissions  

[debug] [2019-10-27T09:21:22.282Z] <<< HTTP RESPONSE 200
[debug] [2019-10-27T09:21:22.287Z] >>> HTTP REQUEST GET https://firebase.googleapis.com/v1beta1/projects/mentoring-wu  
 
[debug] [2019-10-27T09:21:22.581Z] <<< HTTP RESPONSE 200
[info] 
[info] === Deploying to 'mentoring-wu'...
[info] 
[info] i  deploying hosting
[debug] [2019-10-27T09:21:24.821Z] >>> HTTP REQUEST POST https://firebasehosting.googleapis.com/v1beta1/sites/mentoring-wu/versions  

[debug] [2019-10-27T09:21:26.270Z] <<< HTTP RESPONSE 200
[info] i  hosting[mentoring-wu]: beginning deploy...
[info] i  hosting[mentoring-wu]: found 26 files in dist/app
[debug] [2019-10-27T09:21:26.294Z] [hosting] hash cache [ZGlzdC9hcHA] load error: lines is not defined
[debug] [2019-10-27T09:21:28.844Z] [hosting] hash cache [ZGlzdC9hcHA] stored for 26 files
[debug] [2019-10-27T09:21:28.845Z] [hosting][hash queue][FINAL]
[debug] [2019-10-27T09:21:28.845Z] >>> HTTP REQUEST POST https://firebasehosting.googleapis.com/v1beta1/sites/mentoring-wu/versions/db45b379907a3c97:populateFiles  
 <request body omitted>
[debug] [2019-10-27T09:21:30.364Z] <<< HTTP RESPONSE 200
[debug] [2019-10-27T09:21:30.371Z] [hosting][populate queue][FINAL]
[debug] [2019-10-27T09:21:30.371Z] [hosting] uploads queued: 4
